<?xml version="1.0" encoding="UTF-8"?>
<!-- Generated by org.testng.reporters.JUnitReportReporter -->
<testsuite skipped="0" hostname="DESKTOP-J6NT3H3" name="invoiceapp.base.Testengine" tests="1" failures="0" timestamp="2020-05-09T10:47:48 IST" time="0.006" errors="0">
  <testcase name="jon" time="0.006" classname="invoiceapp.base.Testengine"/>
</testsuite> <!-- invoiceapp.base.Testengine -->
